


-------------------------------------------
MAILING - Przypomnienia o ratach - szuka...
Wysłane dnia 30.04.2021 o godzinie 08:01:01

Data raty: 2021-05-05
Marka/kod poczt: AUDI
Model/miasto: A6
Nr.rej./ulica: EL654VU
Rok prod.: 1994
TU: Uniqa
Nr. polisy: 340503711488
Kwota: 265
jolajola2478@gmail.com



-------------------------------------------
MAILING - Przypomnienia o ratach - szuka...
Dnia 01.05.2021 godzina 08:01:02

Czas wykonania: 17 sekund



MAILING - Przypomnienia o wznowieniach - szuka...
Dnia 01.05.2021 godzina 08:01:19

Data końca polisy: 2021-05-15
Marka/kod poczt: VW
Model/miasto: TIGUAN
Nr.rej./ulica: WN4919C
Rok prod.: 2011
TU: Ergo Hestia
Nr. polisy: 909005503564
Przypis z polisy: 2437
teresa.jedynska@pib-nio.pl



-------------------------------------------
MAILING - Przypomnienia o ratach - szuka...
Dnia 02.05.2021 godzina 08:01:02

Data raty: 2021-05-07
Marka/kod poczt: RENAULT
Model/miasto: LAGUNA
Nr.rej./ulica: EL1442Y
Rok prod.: 2003
TU: Generali
Nr. polisy: 50006580041
Kwota: 385.5
piotrstelmach.74@o2.pl
PRZESZEDŁ HTML
PRZESZEDŁ ZAŁĄCZNIKI!!!!

Wysłane przypomnienia o nadchodzących ratach!

Czas wykonania: 20 sekund



MAILING - Przypomnienia o wznowieniach - szuka...
Dnia 02.05.2021 godzina 08:01:22

Data końca polisy: 2021-05-16
Marka/kod poczt: AUDI
Model/miasto: A4
Nr.rej./ulica: EL1N162
Rok prod.: 2005
TU: TUZ
Nr. polisy: KOS1223568
Przypis z polisy: 1153
marta.serafinska@vp.pl
PRZESZEDŁ HTML 2
PRZESZEDŁ ZAŁĄCZNIKI 2!!!!
Wysłane przypomnienia o końcu polis!

Data końca polisy: 2021-05-16
Marka/kod poczt: PEUGEOT
Model/miasto: 206
Nr.rej./ulica: EZG02335
Rok prod.: 2000
TU: Compensa
Nr. polisy: 220146650997
Przypis z polisy: 798
puszek.1978@o2.pl
PRZESZEDŁ HTML 2
PRZESZEDŁ ZAŁĄCZNIKI 2!!!!
Wysłane przypomnienia o końcu polis!

Data końca polisy: 2021-05-16
Marka/kod poczt: VW
Model/miasto: GOLF
Nr.rej./ulica: EL951FK
Rok prod.: 1996
TU: Warta
Nr. polisy: 920015574604
Przypis z polisy: 72
tomekhelbik@op.pl
PRZESZEDŁ HTML 2
PRZESZEDŁ ZAŁĄCZNIKI 2!!!!
Wysłane przypomnienia o końcu polis!

Czas wykonania: 26 sekund



-------------------------------------------
MAILING - Przypomnienia o ratach - szuka...
Dnia 03.05.2021 godzina 08:01:02

Czas wykonania: 17 sekund



MAILING - Przypomnienia o wznowieniach - szuka...
Dnia 03.05.2021 godzina 08:01:19

Czas wykonania: 18 sekund
